<?xml version="1.0" encoding="UTF-8"?>
<testng-results ignored="0" total="1" passed="1" failed="0" skipped="0">
  <reporter-output>
  </reporter-output>
  <suite started-at="2023-08-23T16:39:26 EDT" name="Default suite" finished-at="2023-08-23T16:39:28 EDT" duration-ms="2002">
    <groups>
    </groups>
    <test started-at="2023-08-23T16:39:26 EDT" name="Default test" finished-at="2023-08-23T16:39:28 EDT" duration-ms="2002">
      <class name="testCases.Test1_SampleLogin">
        <test-method is-config="true" signature="setup()[pri:0, instance:testCases.Test1_SampleLogin@4edef76c]" started-at="2023-08-23T16:39:26 EDT" name="setup" finished-at="2023-08-23T16:39:26 EDT" duration-ms="149" status="PASS">
          <reporter-output>
          </reporter-output>
        </test-method> <!-- setup -->
        <test-method signature="signIn()[pri:0, instance:testCases.Test1_SampleLogin@4edef76c]" started-at="2023-08-23T16:39:26 EDT" name="signIn" finished-at="2023-08-23T16:39:27 EDT" duration-ms="1151" status="PASS">
          <reporter-output>
          </reporter-output>
        </test-method> <!-- signIn -->
        <test-method is-config="true" signature="tearDown()[pri:0, instance:testCases.Test1_SampleLogin@4edef76c]" started-at="2023-08-23T16:39:27 EDT" name="tearDown" finished-at="2023-08-23T16:39:28 EDT" duration-ms="650" status="PASS">
          <reporter-output>
          </reporter-output>
        </test-method> <!-- tearDown -->
      </class> <!-- testCases.Test1_SampleLogin -->
    </test> <!-- Default test -->
  </suite> <!-- Default suite -->
</testng-results>
